[2019-07-13 02:14:14.515] [exthost] [info] extension host started
[2019-07-13 02:14:14.530] [exthost] [info] ExtensionService#_doActivateExtension vscode.debug-auto-launch {"startup":true,"activationEvent":"*"}
[2019-07-13 02:14:14.530] [exthost] [info] ExtensionService#loadCommonJSModule /snap/code/11/usr/share/code/resources/app/extensions/debug-auto-launch/dist/extension
[2019-07-13 02:14:14.533] [exthost] [info] ExtensionService#_doActivateExtension vscode.emmet {"startup":true,"activationEvent":"*"}
[2019-07-13 02:14:14.533] [exthost] [info] ExtensionService#loadCommonJSModule /snap/code/11/usr/share/code/resources/app/extensions/emmet/dist/extension
[2019-07-13 02:14:14.546] [exthost] [info] ExtensionService#_doActivateExtension vscode.git {"startup":true,"activationEvent":"*"}
[2019-07-13 02:14:14.546] [exthost] [info] ExtensionService#loadCommonJSModule /snap/code/11/usr/share/code/resources/app/extensions/git/dist/main
[2019-07-13 02:14:14.623] [exthost] [info] ExtensionService#_doActivateExtension vscode.merge-conflict {"startup":true,"activationEvent":"*"}
[2019-07-13 02:14:14.623] [exthost] [info] ExtensionService#loadCommonJSModule /snap/code/11/usr/share/code/resources/app/extensions/merge-conflict/dist/extension
[2019-07-13 02:14:14.628] [exthost] [info] eager extensions activated
[2019-07-13 02:14:31.461] [exthost] [info] extension host started
[2019-07-13 02:14:31.498] [exthost] [info] ExtensionService#_doActivateExtension vscode.debug-auto-launch {"startup":true,"activationEvent":"*"}
[2019-07-13 02:14:31.498] [exthost] [info] ExtensionService#loadCommonJSModule /snap/code/11/usr/share/code/resources/app/extensions/debug-auto-launch/dist/extension
[2019-07-13 02:14:31.500] [exthost] [info] ExtensionService#_doActivateExtension vscode.emmet {"startup":true,"activationEvent":"*"}
[2019-07-13 02:14:31.500] [exthost] [info] ExtensionService#loadCommonJSModule /snap/code/11/usr/share/code/resources/app/extensions/emmet/dist/extension
[2019-07-13 02:14:31.513] [exthost] [info] ExtensionService#_doActivateExtension vscode.git {"startup":true,"activationEvent":"*"}
[2019-07-13 02:14:31.513] [exthost] [info] ExtensionService#loadCommonJSModule /snap/code/11/usr/share/code/resources/app/extensions/git/dist/main
[2019-07-13 02:14:31.596] [exthost] [info] ExtensionService#_doActivateExtension vscode.merge-conflict {"startup":true,"activationEvent":"*"}
[2019-07-13 02:14:31.596] [exthost] [info] ExtensionService#loadCommonJSModule /snap/code/11/usr/share/code/resources/app/extensions/merge-conflict/dist/extension
[2019-07-13 02:14:32.344] [exthost] [info] eager extensions activated
[2019-07-13 02:14:38.203] [exthost] [info] ExtensionService#_doActivateExtension vscode.typescript-language-features {"startup":false,"activationEvent":"onLanguage:javascript"}
[2019-07-13 02:14:38.203] [exthost] [info] ExtensionService#loadCommonJSModule /snap/code/11/usr/share/code/resources/app/extensions/typescript-language-features/dist/extension
[2019-07-13 02:14:38.288] [exthost] [info] ExtensionService#_doActivateExtension ecmel.vscode-html-css {"startup":false,"activationEvent":"onLanguage:javascript"}
[2019-07-13 02:14:38.288] [exthost] [info] ExtensionService#loadCommonJSModule /home/tran/.vscode/extensions/ecmel.vscode-html-css-0.2.0/out/src/extension
[2019-07-13 02:14:38.502] [exthost] [info] ExtensionService#_doActivateExtension VisualStudioExptTeam.vscodeintellicode {"startup":false,"activationEvent":"onLanguage:javascript"}
[2019-07-13 02:14:38.502] [exthost] [info] ExtensionService#loadCommonJSModule /home/tran/.vscode/extensions/visualstudioexptteam.vscodeintellicode-1.1.7/dist/intellicode
[2019-07-13 02:14:39.145] [exthost] [info] ExtensionService#_doActivateExtension vscode.configuration-editing {"startup":false,"activationEvent":"onLanguage:jsonc"}
[2019-07-13 02:14:39.145] [exthost] [info] ExtensionService#loadCommonJSModule /snap/code/11/usr/share/code/resources/app/extensions/configuration-editing/dist/extension
[2019-07-13 02:14:39.159] [exthost] [info] ExtensionService#_doActivateExtension vscode.json-language-features {"startup":false,"activationEvent":"onLanguage:jsonc"}
[2019-07-13 02:14:39.161] [exthost] [info] ExtensionService#loadCommonJSModule /snap/code/11/usr/share/code/resources/app/extensions/json-language-features/client/dist/jsonMain
[2019-07-13 02:17:53.467] [exthost] [info] ExtensionService#_doActivateExtension vscode.css-language-features {"startup":false,"activationEvent":"onLanguage:css"}
[2019-07-13 02:17:53.467] [exthost] [info] ExtensionService#loadCommonJSModule /snap/code/11/usr/share/code/resources/app/extensions/css-language-features/client/dist/cssMain
[2019-07-13 02:18:05.513] [exthost] [info] ExtensionService#_doActivateExtension vscode.html-language-features {"startup":false,"activationEvent":"onLanguage:html"}
[2019-07-13 02:18:05.513] [exthost] [info] ExtensionService#loadCommonJSModule /snap/code/11/usr/share/code/resources/app/extensions/html-language-features/client/dist/htmlMain
[2019-07-13 02:18:06.153] [exthost] [error] [vscode.html-language-features] provider FAILED
[2019-07-13 02:18:06.155] [exthost] [error] URIError: URI malformed
	at decodeURIComponent (<anonymous>)
	at Function.parse (/snap/code/11/usr/share/code/resources/app/out/vs/workbench/services/extensions/node/extensionHostProcess.js:122:199)
	at t.createConverter.e (/snap/code/11/usr/share/code/resources/app/extensions/html-language-features/client/dist/htmlMain.js:1:179835)
	at n (/snap/code/11/usr/share/code/resources/app/extensions/html-language-features/client/dist/htmlMain.js:1:179866)
	at L (/snap/code/11/usr/share/code/resources/app/extensions/html-language-features/client/dist/htmlMain.js:1:185318)
	at Array.map (<anonymous>)
	at asDocumentLinks (/snap/code/11/usr/share/code/resources/app/extensions/html-language-features/client/dist/htmlMain.js:1:188904)
[2019-07-13 02:20:54.219] [exthost] [info] ExtensionService#_doActivateExtension vscode.extension-editing {"startup":false,"activationEvent":"onLanguage:typescript"}
[2019-07-13 02:20:54.220] [exthost] [info] ExtensionService#loadCommonJSModule /snap/code/11/usr/share/code/resources/app/extensions/extension-editing/dist/extension
